{"/Users/mattokc/Documents/CodingInterviews/VisaFullStackApplication/server/data.js": {"path":"/Users/mattokc/Documents/CodingInterviews/VisaFullStackApplication/server/data.js","statementMap":{"0":{"start":{"line":2,"column":17},"end":{"line":18,"column":1}},"1":{"start":{"line":21,"column":12},"end":{"line":197,"column":1}},"2":{"start":{"line":199,"column":0},"end":{"line":199,"column":39}}},"fnMap":{},"branchMap":{},"s":{"0":1,"1":1,"2":1},"f":{},"b":{},"inputSourceMap":null,"_coverageSchema":"1a1c01bbd47fc00a2c39e90264f33305004495a9","hash":"7e03f19d0010842791a50a2d5c456dcba7912a1f"}
,"/Users/mattokc/Documents/CodingInterviews/VisaFullStackApplication/server/server.js": {"path":"/Users/mattokc/Documents/CodingInterviews/VisaFullStackApplication/server/server.js","statementMap":{"0":{"start":{"line":1,"column":16},"end":{"line":1,"column":34}},"1":{"start":{"line":2,"column":13},"end":{"line":2,"column":28}},"2":{"start":{"line":3,"column":19},"end":{"line":3,"column":41}},"3":{"start":{"line":4,"column":16},"end":{"line":4,"column":34}},"4":{"start":{"line":5,"column":28},"end":{"line":5,"column":45}},"5":{"start":{"line":7,"column":12},"end":{"line":7,"column":21}},"6":{"start":{"line":10,"column":13},"end":{"line":10,"column":17}},"7":{"start":{"line":12,"column":0},"end":{"line":12,"column":16}},"8":{"start":{"line":13,"column":0},"end":{"line":13,"column":27}},"9":{"start":{"line":16,"column":0},"end":{"line":16,"column":49}},"10":{"start":{"line":16,"column":32},"end":{"line":16,"column":47}},"11":{"start":{"line":18,"column":0},"end":{"line":22,"column":3}},"12":{"start":{"line":19,"column":18},"end":{"line":19,"column":57}},"13":{"start":{"line":20,"column":2},"end":{"line":20,"column":22}},"14":{"start":{"line":21,"column":2},"end":{"line":21,"column":32}},"15":{"start":{"line":24,"column":0},"end":{"line":41,"column":3}},"16":{"start":{"line":25,"column":17},"end":{"line":25,"column":30}},"17":{"start":{"line":26,"column":22},"end":{"line":26,"column":30}},"18":{"start":{"line":28,"column":16},"end":{"line":28,"column":61}},"19":{"start":{"line":28,"column":42},"end":{"line":28,"column":60}},"20":{"start":{"line":30,"column":2},"end":{"line":40,"column":3}},"21":{"start":{"line":32,"column":4},"end":{"line":32,"column":27}},"22":{"start":{"line":35,"column":4},"end":{"line":35,"column":47}},"23":{"start":{"line":37,"column":4},"end":{"line":37,"column":45}},"24":{"start":{"line":39,"column":4},"end":{"line":39,"column":74}},"25":{"start":{"line":43,"column":0},"end":{"line":47,"column":3}},"26":{"start":{"line":44,"column":17},"end":{"line":44,"column":30}},"27":{"start":{"line":45,"column":2},"end":{"line":45,"column":53}},"28":{"start":{"line":45,"column":33},"end":{"line":45,"column":51}},"29":{"start":{"line":46,"column":2},"end":{"line":46,"column":67}},"30":{"start":{"line":50,"column":0},"end":{"line":52,"column":3}},"31":{"start":{"line":51,"column":2},"end":{"line":51,"column":23}},"32":{"start":{"line":54,"column":0},"end":{"line":54,"column":70}},"33":{"start":{"line":54,"column":23},"end":{"line":54,"column":68}},"34":{"start":{"line":56,"column":0},"end":{"line":56,"column":21}}},"fnMap":{"0":{"name":"(anonymous_0)","decl":{"start":{"line":16,"column":18},"end":{"line":16,"column":19}},"loc":{"start":{"line":16,"column":32},"end":{"line":16,"column":47}},"line":16},"1":{"name":"(anonymous_1)","decl":{"start":{"line":18,"column":19},"end":{"line":18,"column":20}},"loc":{"start":{"line":18,"column":33},"end":{"line":22,"column":1}},"line":18},"2":{"name":"(anonymous_2)","decl":{"start":{"line":24,"column":22},"end":{"line":24,"column":23}},"loc":{"start":{"line":24,"column":36},"end":{"line":41,"column":1}},"line":24},"3":{"name":"(anonymous_3)","decl":{"start":{"line":28,"column":32},"end":{"line":28,"column":33}},"loc":{"start":{"line":28,"column":42},"end":{"line":28,"column":60}},"line":28},"4":{"name":"(anonymous_4)","decl":{"start":{"line":43,"column":25},"end":{"line":43,"column":26}},"loc":{"start":{"line":43,"column":39},"end":{"line":47,"column":1}},"line":43},"5":{"name":"(anonymous_5)","decl":{"start":{"line":45,"column":23},"end":{"line":45,"column":24}},"loc":{"start":{"line":45,"column":33},"end":{"line":45,"column":51}},"line":45},"6":{"name":"(anonymous_6)","decl":{"start":{"line":50,"column":19},"end":{"line":50,"column":20}},"loc":{"start":{"line":50,"column":33},"end":{"line":52,"column":1}},"line":50},"7":{"name":"(anonymous_7)","decl":{"start":{"line":54,"column":17},"end":{"line":54,"column":18}},"loc":{"start":{"line":54,"column":23},"end":{"line":54,"column":68}},"line":54}},"branchMap":{"0":{"loc":{"start":{"line":30,"column":2},"end":{"line":40,"column":3}},"type":"if","locations":[{"start":{"line":30,"column":2},"end":{"line":40,"column":3}},{"start":{"line":38,"column":9},"end":{"line":40,"column":3}}],"line":30}},"s":{"0":1,"1":1,"2":1,"3":1,"4":1,"5":1,"6":1,"7":1,"8":1,"9":1,"10":2,"11":1,"12":1,"13":1,"14":1,"15":1,"16":1,"17":1,"18":1,"19":21,"20":1,"21":1,"22":1,"23":1,"24":0,"25":1,"26":1,"27":1,"28":21,"29":1,"30":1,"31":1,"32":1,"33":1,"34":1},"f":{"0":2,"1":1,"2":1,"3":21,"4":1,"5":21,"6":1,"7":1},"b":{"0":[1,0]},"inputSourceMap":null,"_coverageSchema":"1a1c01bbd47fc00a2c39e90264f33305004495a9","hash":"46536a2692b1ff5ccd6dbf97e2d287b62a1acad1"}
,"/Users/mattokc/Documents/CodingInterviews/VisaFullStackApplication/src/App.tsx": {"path":"/Users/mattokc/Documents/CodingInterviews/VisaFullStackApplication/src/App.tsx","statementMap":{"0":{"start":{"line":1,"column":0},"end":{"line":1,"column":41}},"1":{"start":{"line":2,"column":0},"end":{"line":2,"column":74}},"2":{"start":{"line":3,"column":0},"end":{"line":3,"column":31}},"3":{"start":{"line":4,"column":0},"end":{"line":4,"column":40}},"4":{"start":{"line":5,"column":0},"end":{"line":5,"column":38}},"5":{"start":{"line":6,"column":0},"end":{"line":6,"column":40}},"6":{"start":{"line":7,"column":0},"end":{"line":7,"column":40}},"7":{"start":{"line":9,"column":22},"end":{"line":28,"column":1}},"8":{"start":{"line":10,"column":38},"end":{"line":10,"column":48}},"9":{"start":{"line":13,"column":2},"end":{"line":16,"column":9}},"10":{"start":{"line":14,"column":4},"end":{"line":14,"column":17}},"11":{"start":{"line":15,"column":4},"end":{"line":15,"column":18}},"12":{"start":{"line":18,"column":2},"end":{"line":27,"column":4}},"13":{"start":{"line":30,"column":0},"end":{"line":30,"column":19}}},"fnMap":{"0":{"name":"(anonymous_0)","decl":{"start":{"line":9,"column":22},"end":{"line":9,"column":25}},"loc":{"start":{"line":9,"column":27},"end":{"line":28,"column":1}}},"1":{"name":"(anonymous_1)","decl":{"start":{"line":13,"column":12},"end":{"line":13,"column":15}},"loc":{"start":{"line":13,"column":17},"end":{"line":16,"column":3}}}},"branchMap":{},"s":{"0":0,"1":0,"2":0,"3":0,"4":0,"5":0,"6":0,"7":0,"8":0,"9":0,"10":0,"11":0,"12":0,"13":0},"f":{"0":0,"1":0},"b":{}}
,"/Users/mattokc/Documents/CodingInterviews/VisaFullStackApplication/src/main.tsx": {"path":"/Users/mattokc/Documents/CodingInterviews/VisaFullStackApplication/src/main.tsx","statementMap":{"0":{"start":{"line":1,"column":0},"end":{"line":1,"column":26}},"1":{"start":{"line":2,"column":0},"end":{"line":2,"column":40}},"2":{"start":{"line":3,"column":0},"end":{"line":3,"column":28}},"3":{"start":{"line":4,"column":0},"end":{"line":4,"column":21}},"4":{"start":{"line":6,"column":0},"end":{"line":10,"column":2}}},"fnMap":{},"branchMap":{},"s":{"0":0,"1":0,"2":0,"3":0,"4":0},"f":{},"b":{}}
,"/Users/mattokc/Documents/CodingInterviews/VisaFullStackApplication/src/store.ts": {"path":"/Users/mattokc/Documents/CodingInterviews/VisaFullStackApplication/src/store.ts","statementMap":{"0":{"start":{"line":1,"column":0},"end":{"line":1,"column":33}},"1":{"start":{"line":2,"column":0},"end":{"line":2,"column":null}},"2":{"start":{"line":21,"column":17},"end":{"line":68,"column":3}},"3":{"start":{"line":21,"column":46},"end":{"line":68,"column":2}},"4":{"start":{"line":25,"column":4},"end":{"line":30,"column":5}},"5":{"start":{"line":26,"column":20},"end":{"line":26,"column":38}},"6":{"start":{"line":27,"column":6},"end":{"line":27,"column":21}},"7":{"start":{"line":29,"column":6},"end":{"line":29,"column":53}},"8":{"start":{"line":33,"column":4},"end":{"line":38,"column":5}},"9":{"start":{"line":34,"column":22},"end":{"line":34,"column":41}},"10":{"start":{"line":35,"column":6},"end":{"line":35,"column":61}},"11":{"start":{"line":35,"column":22},"end":{"line":35,"column":58}},"12":{"start":{"line":37,"column":6},"end":{"line":37,"column":50}},"13":{"start":{"line":41,"column":4},"end":{"line":48,"column":5}},"14":{"start":{"line":42,"column":6},"end":{"line":42,"column":29}},"15":{"start":{"line":43,"column":6},"end":{"line":45,"column":10}},"16":{"start":{"line":43,"column":22},"end":{"line":45,"column":8}},"17":{"start":{"line":44,"column":39},"end":{"line":44,"column":66}},"18":{"start":{"line":47,"column":6},"end":{"line":47,"column":53}},"19":{"start":{"line":51,"column":4},"end":{"line":58,"column":5}},"20":{"start":{"line":52,"column":6},"end":{"line":52,"column":27}},"21":{"start":{"line":53,"column":6},"end":{"line":55,"column":10}},"22":{"start":{"line":53,"column":22},"end":{"line":55,"column":8}},"23":{"start":{"line":54,"column":44},"end":{"line":54,"column":58}},"24":{"start":{"line":57,"column":6},"end":{"line":57,"column":53}},"25":{"start":{"line":61,"column":4},"end":{"line":66,"column":5}},"26":{"start":{"line":62,"column":21},"end":{"line":62,"column":40}},"27":{"start":{"line":63,"column":6},"end":{"line":63,"column":22}},"28":{"start":{"line":65,"column":6},"end":{"line":65,"column":54}},"29":{"start":{"line":70,"column":0},"end":{"line":70,"column":24}}},"fnMap":{"0":{"name":"(anonymous_0)","decl":{"start":{"line":21,"column":36},"end":{"line":21,"column":37}},"loc":{"start":{"line":21,"column":46},"end":{"line":68,"column":2}}},"1":{"name":"(anonymous_1)","decl":{"start":{"line":24,"column":14},"end":{"line":24,"column":19}},"loc":{"start":{"line":24,"column":25},"end":{"line":31,"column":3}}},"2":{"name":"(anonymous_2)","decl":{"start":{"line":32,"column":11},"end":{"line":32,"column":16}},"loc":{"start":{"line":32,"column":26},"end":{"line":39,"column":3}}},"3":{"name":"(anonymous_3)","decl":{"start":{"line":35,"column":10},"end":{"line":35,"column":11}},"loc":{"start":{"line":35,"column":22},"end":{"line":35,"column":58}}},"4":{"name":"(anonymous_4)","decl":{"start":{"line":40,"column":14},"end":{"line":40,"column":19}},"loc":{"start":{"line":40,"column":29},"end":{"line":49,"column":3}}},"5":{"name":"(anonymous_5)","decl":{"start":{"line":43,"column":10},"end":{"line":43,"column":11}},"loc":{"start":{"line":43,"column":22},"end":{"line":45,"column":8}}},"6":{"name":"(anonymous_6)","decl":{"start":{"line":44,"column":31},"end":{"line":44,"column":32}},"loc":{"start":{"line":44,"column":39},"end":{"line":44,"column":66}}},"7":{"name":"(anonymous_7)","decl":{"start":{"line":50,"column":14},"end":{"line":50,"column":19}},"loc":{"start":{"line":50,"column":35},"end":{"line":59,"column":3}}},"8":{"name":"(anonymous_8)","decl":{"start":{"line":53,"column":10},"end":{"line":53,"column":11}},"loc":{"start":{"line":53,"column":22},"end":{"line":55,"column":8}}},"9":{"name":"(anonymous_9)","decl":{"start":{"line":54,"column":34},"end":{"line":54,"column":35}},"loc":{"start":{"line":54,"column":44},"end":{"line":54,"column":58}}},"10":{"name":"(anonymous_10)","decl":{"start":{"line":60,"column":15},"end":{"line":60,"column":20}},"loc":{"start":{"line":60,"column":26},"end":{"line":67,"column":3}}}},"branchMap":{"0":{"loc":{"start":{"line":44,"column":39},"end":{"line":44,"column":66}},"type":"cond-expr","locations":[{"start":{"line":44,"column":58},"end":{"line":44,"column":62}},{"start":{"line":44,"column":65},"end":{"line":44,"column":66}}]}},"s":{"0":0,"1":0,"2":0,"3":0,"4":0,"5":0,"6":0,"7":0,"8":0,"9":0,"10":0,"11":0,"12":0,"13":0,"14":0,"15":0,"16":0,"17":0,"18":0,"19":0,"20":0,"21":0,"22":0,"23":0,"24":0,"25":0,"26":0,"27":0,"28":0,"29":0},"f":{"0":0,"1":0,"2":0,"3":0,"4":0,"5":0,"6":0,"7":0,"8":0,"9":0,"10":0},"b":{"0":[0,0]}}
,"/Users/mattokc/Documents/CodingInterviews/VisaFullStackApplication/src/components/Book.tsx": {"path":"/Users/mattokc/Documents/CodingInterviews/VisaFullStackApplication/src/components/Book.tsx","statementMap":{"0":{"start":{"line":1,"column":0},"end":{"line":1,"column":40}},"1":{"start":{"line":2,"column":0},"end":{"line":2,"column":47}},"2":{"start":{"line":4,"column":0},"end":{"line":4,"column":40}},"3":{"start":{"line":5,"column":0},"end":{"line":5,"column":null}},"4":{"start":{"line":17,"column":34},"end":{"line":71,"column":1}},"5":{"start":{"line":18,"column":38},"end":{"line":18,"column":53}},"6":{"start":{"line":19,"column":19},"end":{"line":19,"column":32}},"7":{"start":{"line":21,"column":28},"end":{"line":23,"column":3}},"8":{"start":{"line":22,"column":4},"end":{"line":22,"column":23}},"9":{"start":{"line":25,"column":30},"end":{"line":28,"column":3}},"10":{"start":{"line":26,"column":4},"end":{"line":26,"column":22}},"11":{"start":{"line":27,"column":4},"end":{"line":27,"column":24}},"12":{"start":{"line":30,"column":23},"end":{"line":32,"column":3}},"13":{"start":{"line":31,"column":4},"end":{"line":31,"column":24}},"14":{"start":{"line":34,"column":2},"end":{"line":70,"column":4}},"15":{"start":{"line":57,"column":14},"end":{"line":57,"column":null}},"16":{"start":{"line":64,"column":35},"end":{"line":64,"column":63}},"17":{"start":{"line":73,"column":0},"end":{"line":73,"column":20}}},"fnMap":{"0":{"name":"(anonymous_0)","decl":{"start":{"line":17,"column":34},"end":{"line":17,"column":35}},"loc":{"start":{"line":17,"column":57},"end":{"line":71,"column":1}}},"1":{"name":"(anonymous_1)","decl":{"start":{"line":21,"column":28},"end":{"line":21,"column":31}},"loc":{"start":{"line":21,"column":33},"end":{"line":23,"column":3}}},"2":{"name":"(anonymous_2)","decl":{"start":{"line":25,"column":30},"end":{"line":25,"column":33}},"loc":{"start":{"line":25,"column":35},"end":{"line":28,"column":3}}},"3":{"name":"(anonymous_3)","decl":{"start":{"line":30,"column":23},"end":{"line":30,"column":26}},"loc":{"start":{"line":30,"column":28},"end":{"line":32,"column":3}}},"4":{"name":"(anonymous_4)","decl":{"start":{"line":56,"column":28},"end":{"line":56,"column":29}},"loc":{"start":{"line":57,"column":14},"end":{"line":57,"column":null}}},"5":{"name":"(anonymous_5)","decl":{"start":{"line":64,"column":29},"end":{"line":64,"column":32}},"loc":{"start":{"line":64,"column":35},"end":{"line":64,"column":63}}}},"branchMap":{"0":{"loc":{"start":{"line":36,"column":7},"end":{"line":67,"column":null}},"type":"cond-expr","locations":[{"start":{"line":37,"column":8},"end":{"line":43,"column":null}},{"start":{"line":46,"column":8},"end":{"line":66,"column":null}}]},"1":{"loc":{"start":{"line":59,"column":17},"end":{"line":59,"column":60}},"type":"cond-expr","locations":[{"start":{"line":59,"column":51},"end":{"line":59,"column":55}},{"start":{"line":59,"column":58},"end":{"line":59,"column":60}}]}},"s":{"0":2,"1":2,"2":2,"3":2,"4":2,"5":33,"6":33,"7":33,"8":3,"9":33,"10":1,"11":1,"12":33,"13":1,"14":33,"15":60,"16":1,"17":2},"f":{"0":33,"1":3,"2":1,"3":1,"4":60,"5":1},"b":{"0":[3,30],"1":[30,30]}}
,"/Users/mattokc/Documents/CodingInterviews/VisaFullStackApplication/src/components/BookForm.tsx": {"path":"/Users/mattokc/Documents/CodingInterviews/VisaFullStackApplication/src/components/BookForm.tsx","statementMap":{"0":{"start":{"line":1,"column":0},"end":{"line":1,"column":51}},"1":{"start":{"line":2,"column":0},"end":{"line":2,"column":47}},"2":{"start":{"line":3,"column":0},"end":{"line":3,"column":34}},"3":{"start":{"line":4,"column":0},"end":{"line":4,"column":null}},"4":{"start":{"line":29,"column":42},"end":{"line":172,"column":1}},"5":{"start":{"line":40,"column":28},"end":{"line":40,"column":57}},"6":{"start":{"line":41,"column":30},"end":{"line":41,"column":60}},"7":{"start":{"line":42,"column":26},"end":{"line":42,"column":54}},"8":{"start":{"line":43,"column":46},"end":{"line":44,"column":null}},"9":{"start":{"line":48,"column":38},"end":{"line":48,"column":50}},"10":{"start":{"line":49,"column":40},"end":{"line":49,"column":52}},"11":{"start":{"line":50,"column":36},"end":{"line":50,"column":48}},"12":{"start":{"line":51,"column":38},"end":{"line":51,"column":50}},"13":{"start":{"line":53,"column":19},"end":{"line":53,"column":32}},"14":{"start":{"line":55,"column":2},"end":{"line":60,"column":9}},"15":{"start":{"line":56,"column":4},"end":{"line":56,"column":34}},"16":{"start":{"line":57,"column":4},"end":{"line":57,"column":36}},"17":{"start":{"line":58,"column":4},"end":{"line":58,"column":32}},"18":{"start":{"line":59,"column":4},"end":{"line":59,"column":43}},"19":{"start":{"line":62,"column":23},"end":{"line":114,"column":3}},"20":{"start":{"line":63,"column":4},"end":{"line":63,"column":23}},"21":{"start":{"line":66,"column":4},"end":{"line":71,"column":5}},"22":{"start":{"line":67,"column":6},"end":{"line":67,"column":57}},"23":{"start":{"line":68,"column":6},"end":{"line":68,"column":13}},"24":{"start":{"line":70,"column":6},"end":{"line":70,"column":24}},"25":{"start":{"line":74,"column":4},"end":{"line":79,"column":5}},"26":{"start":{"line":75,"column":6},"end":{"line":75,"column":64}},"27":{"start":{"line":76,"column":6},"end":{"line":76,"column":13}},"28":{"start":{"line":78,"column":6},"end":{"line":78,"column":25}},"29":{"start":{"line":82,"column":23},"end":{"line":82,"column":41}},"30":{"start":{"line":83,"column":4},"end":{"line":88,"column":5}},"31":{"start":{"line":84,"column":6},"end":{"line":84,"column":69}},"32":{"start":{"line":85,"column":6},"end":{"line":85,"column":13}},"33":{"start":{"line":87,"column":6},"end":{"line":87,"column":23}},"34":{"start":{"line":91,"column":4},"end":{"line":96,"column":5}},"35":{"start":{"line":92,"column":6},"end":{"line":92,"column":45}},"36":{"start":{"line":93,"column":6},"end":{"line":93,"column":13}},"37":{"start":{"line":95,"column":6},"end":{"line":95,"column":24}},"38":{"start":{"line":99,"column":4},"end":{"line":104,"column":7}},"39":{"start":{"line":107,"column":4},"end":{"line":107,"column":17}},"40":{"start":{"line":108,"column":4},"end":{"line":108,"column":18}},"41":{"start":{"line":109,"column":4},"end":{"line":109,"column":16}},"42":{"start":{"line":110,"column":4},"end":{"line":110,"column":26}},"43":{"start":{"line":113,"column":4},"end":{"line":113,"column":18}},"44":{"start":{"line":116,"column":28},"end":{"line":118,"column":3}},"45":{"start":{"line":117,"column":4},"end":{"line":117,"column":39}},"46":{"start":{"line":120,"column":2},"end":{"line":171,"column":4}},"47":{"start":{"line":129,"column":29},"end":{"line":129,"column":53}},"48":{"start":{"line":140,"column":29},"end":{"line":140,"column":54}},"49":{"start":{"line":151,"column":29},"end":{"line":151,"column":52}},"50":{"start":{"line":161,"column":40},"end":{"line":161,"column":74}},"51":{"start":{"line":174,"column":0},"end":{"line":174,"column":24}}},"fnMap":{"0":{"name":"(anonymous_0)","decl":{"start":{"line":29,"column":42},"end":{"line":29,"column":43}},"loc":{"start":{"line":39,"column":5},"end":{"line":172,"column":1}}},"1":{"name":"(anonymous_1)","decl":{"start":{"line":55,"column":12},"end":{"line":55,"column":15}},"loc":{"start":{"line":55,"column":17},"end":{"line":60,"column":3}}},"2":{"name":"(anonymous_2)","decl":{"start":{"line":62,"column":23},"end":{"line":62,"column":24}},"loc":{"start":{"line":62,"column":46},"end":{"line":114,"column":3}}},"3":{"name":"(anonymous_3)","decl":{"start":{"line":116,"column":28},"end":{"line":116,"column":29}},"loc":{"start":{"line":116,"column":53},"end":{"line":118,"column":3}}},"4":{"name":"(anonymous_4)","decl":{"start":{"line":129,"column":22},"end":{"line":129,"column":23}},"loc":{"start":{"line":129,"column":29},"end":{"line":129,"column":53}}},"5":{"name":"(anonymous_5)","decl":{"start":{"line":140,"column":22},"end":{"line":140,"column":23}},"loc":{"start":{"line":140,"column":29},"end":{"line":140,"column":54}}},"6":{"name":"(anonymous_6)","decl":{"start":{"line":151,"column":22},"end":{"line":151,"column":23}},"loc":{"start":{"line":151,"column":29},"end":{"line":151,"column":52}}},"7":{"name":"(anonymous_7)","decl":{"start":{"line":161,"column":32},"end":{"line":161,"column":33}},"loc":{"start":{"line":161,"column":40},"end":{"line":161,"column":74}}}},"branchMap":{"0":{"loc":{"start":{"line":30,"column":2},"end":{"line":35,"column":null}},"type":"default-arg","locations":[{"start":{"line":30,"column":18},"end":{"line":35,"column":null}}]},"1":{"loc":{"start":{"line":66,"column":4},"end":{"line":71,"column":5}},"type":"if","locations":[{"start":{"line":66,"column":4},"end":{"line":71,"column":5}},{"start":{"line":69,"column":11},"end":{"line":71,"column":5}}]},"2":{"loc":{"start":{"line":74,"column":4},"end":{"line":79,"column":5}},"type":"if","locations":[{"start":{"line":74,"column":4},"end":{"line":79,"column":5}},{"start":{"line":77,"column":11},"end":{"line":79,"column":5}}]},"3":{"loc":{"start":{"line":83,"column":4},"end":{"line":88,"column":5}},"type":"if","locations":[{"start":{"line":83,"column":4},"end":{"line":88,"column":5}},{"start":{"line":86,"column":11},"end":{"line":88,"column":5}}]},"4":{"loc":{"start":{"line":83,"column":8},"end":{"line":83,"column":43}},"type":"binary-expr","locations":[{"start":{"line":83,"column":8},"end":{"line":83,"column":25}},{"start":{"line":83,"column":29},"end":{"line":83,"column":43}}]},"5":{"loc":{"start":{"line":91,"column":4},"end":{"line":96,"column":5}},"type":"if","locations":[{"start":{"line":91,"column":4},"end":{"line":96,"column":5}},{"start":{"line":94,"column":11},"end":{"line":96,"column":5}}]},"6":{"loc":{"start":{"line":132,"column":11},"end":{"line":132,"column":66}},"type":"binary-expr","locations":[{"start":{"line":132,"column":11},"end":{"line":132,"column":21}},{"start":{"line":132,"column":25},"end":{"line":132,"column":66}}]},"7":{"loc":{"start":{"line":143,"column":11},"end":{"line":143,"column":68}},"type":"binary-expr","locations":[{"start":{"line":143,"column":11},"end":{"line":143,"column":22}},{"start":{"line":143,"column":26},"end":{"line":143,"column":68}}]},"8":{"loc":{"start":{"line":154,"column":11},"end":{"line":154,"column":64}},"type":"binary-expr","locations":[{"start":{"line":154,"column":11},"end":{"line":154,"column":20}},{"start":{"line":154,"column":24},"end":{"line":154,"column":64}}]},"9":{"loc":{"start":{"line":166,"column":11},"end":{"line":166,"column":66}},"type":"binary-expr","locations":[{"start":{"line":166,"column":11},"end":{"line":166,"column":21}},{"start":{"line":166,"column":25},"end":{"line":166,"column":66}}]}},"s":{"0":1,"1":1,"2":1,"3":1,"4":1,"5":2,"6":2,"7":2,"8":2,"9":2,"10":2,"11":2,"12":2,"13":2,"14":2,"15":2,"16":2,"17":2,"18":2,"19":2,"20":0,"21":0,"22":0,"23":0,"24":0,"25":0,"26":0,"27":0,"28":0,"29":0,"30":0,"31":0,"32":0,"33":0,"34":0,"35":0,"36":0,"37":0,"38":0,"39":0,"40":0,"41":0,"42":0,"43":0,"44":2,"45":0,"46":2,"47":0,"48":0,"49":0,"50":4,"51":1},"f":{"0":2,"1":2,"2":0,"3":0,"4":0,"5":0,"6":0,"7":4},"b":{"0":[1],"1":[0,0],"2":[0,0],"3":[0,0],"4":[0,0],"5":[0,0],"6":[2,0],"7":[2,0],"8":[2,0],"9":[2,0]}}
,"/Users/mattokc/Documents/CodingInterviews/VisaFullStackApplication/src/components/DeletePopUp.tsx": {"path":"/Users/mattokc/Documents/CodingInterviews/VisaFullStackApplication/src/components/DeletePopUp.tsx","statementMap":{"0":{"start":{"line":2,"column":0},"end":{"line":2,"column":null}},"1":{"start":{"line":16,"column":43},"end":{"line":34,"column":1}},"2":{"start":{"line":22,"column":2},"end":{"line":33,"column":4}},"3":{"start":{"line":36,"column":0},"end":{"line":36,"column":27}}},"fnMap":{"0":{"name":"(anonymous_0)","decl":{"start":{"line":16,"column":43},"end":{"line":16,"column":44}},"loc":{"start":{"line":21,"column":5},"end":{"line":34,"column":1}}}},"branchMap":{},"s":{"0":3,"1":3,"2":6,"3":3},"f":{"0":6},"b":{}}
,"/Users/mattokc/Documents/CodingInterviews/VisaFullStackApplication/src/components/styled/styledComponents.tsx": {"path":"/Users/mattokc/Documents/CodingInterviews/VisaFullStackApplication/src/components/styled/styledComponents.tsx","statementMap":{"0":{"start":{"line":1,"column":0},"end":{"line":1,"column":39}},"1":{"start":{"line":3,"column":13},"end":{"line":23,"column":2}},"2":{"start":{"line":25,"column":13},"end":{"line":28,"column":2}},"3":{"start":{"line":30,"column":13},"end":{"line":44,"column":2}},"4":{"start":{"line":46,"column":13},"end":{"line":52,"column":2}},"5":{"start":{"line":54,"column":13},"end":{"line":60,"column":2}},"6":{"start":{"line":62,"column":13},"end":{"line":69,"column":2}},"7":{"start":{"line":71,"column":13},"end":{"line":84,"column":2}},"8":{"start":{"line":86,"column":13},"end":{"line":113,"column":2}},"9":{"start":{"line":115,"column":13},"end":{"line":117,"column":2}},"10":{"start":{"line":119,"column":13},"end":{"line":121,"column":2}},"11":{"start":{"line":123,"column":13},"end":{"line":134,"column":2}},"12":{"start":{"line":124,"column":25},"end":{"line":124,"column":56}},"13":{"start":{"line":136,"column":13},"end":{"line":146,"column":2}},"14":{"start":{"line":137,"column":29},"end":{"line":137,"column":66}},"15":{"start":{"line":144,"column":34},"end":{"line":144,"column":73}},"16":{"start":{"line":145,"column":23},"end":{"line":145,"column":62}},"17":{"start":{"line":148,"column":13},"end":{"line":157,"column":2}},"18":{"start":{"line":159,"column":13},"end":{"line":163,"column":2}}},"fnMap":{"0":{"name":"(anonymous_0)","decl":{"start":{"line":124,"column":13},"end":{"line":124,"column":14}},"loc":{"start":{"line":124,"column":25},"end":{"line":124,"column":56}}},"1":{"name":"(anonymous_1)","decl":{"start":{"line":137,"column":17},"end":{"line":137,"column":18}},"loc":{"start":{"line":137,"column":29},"end":{"line":137,"column":66}}},"2":{"name":"(anonymous_2)","decl":{"start":{"line":144,"column":22},"end":{"line":144,"column":23}},"loc":{"start":{"line":144,"column":34},"end":{"line":144,"column":73}}},"3":{"name":"(anonymous_3)","decl":{"start":{"line":145,"column":11},"end":{"line":145,"column":12}},"loc":{"start":{"line":145,"column":23},"end":{"line":145,"column":62}}}},"branchMap":{"0":{"loc":{"start":{"line":124,"column":25},"end":{"line":124,"column":56}},"type":"cond-expr","locations":[{"start":{"line":124,"column":40},"end":{"line":124,"column":47}},{"start":{"line":124,"column":50},"end":{"line":124,"column":56}}]},"1":{"loc":{"start":{"line":137,"column":29},"end":{"line":137,"column":66}},"type":"cond-expr","locations":[{"start":{"line":137,"column":49},"end":{"line":137,"column":55}},{"start":{"line":137,"column":58},"end":{"line":137,"column":66}}]},"2":{"loc":{"start":{"line":144,"column":34},"end":{"line":144,"column":73}},"type":"cond-expr","locations":[{"start":{"line":144,"column":54},"end":{"line":144,"column":63}},{"start":{"line":144,"column":66},"end":{"line":144,"column":73}}]},"3":{"loc":{"start":{"line":145,"column":23},"end":{"line":145,"column":62}},"type":"cond-expr","locations":[{"start":{"line":145,"column":43},"end":{"line":145,"column":50}},{"start":{"line":145,"column":53},"end":{"line":145,"column":62}}]}},"s":{"0":4,"1":4,"2":4,"3":4,"4":4,"5":4,"6":4,"7":4,"8":4,"9":4,"10":4,"11":4,"12":6,"13":4,"14":11,"15":11,"16":11,"17":4,"18":4},"f":{"0":6,"1":11,"2":11,"3":11},"b":{"0":[6,0],"1":[11,0],"2":[11,0],"3":[11,0]}}
,"/Users/mattokc/Documents/CodingInterviews/VisaFullStackApplication/src/constants/constants.ts": {"path":"/Users/mattokc/Documents/CodingInterviews/VisaFullStackApplication/src/constants/constants.ts","statementMap":{"0":{"start":{"line":1,"column":13},"end":{"line":9,"column":2}},"1":{"start":{"line":11,"column":13},"end":{"line":16,"column":2}}},"fnMap":{},"branchMap":{},"s":{"0":1,"1":1},"f":{},"b":{}}
,"/Users/mattokc/Documents/CodingInterviews/VisaFullStackApplication/src/network/networkRequests.ts": {"path":"/Users/mattokc/Documents/CodingInterviews/VisaFullStackApplication/src/network/networkRequests.ts","statementMap":{"0":{"start":{"line":4,"column":16},"end":{"line":4,"column":45}},"1":{"start":{"line":5,"column":19},"end":{"line":5,"column":49}},"2":{"start":{"line":8,"column":19},"end":{"line":14,"column":4}},"3":{"start":{"line":15,"column":2},"end":{"line":17,"column":3}},"4":{"start":{"line":16,"column":4},"end":{"line":16,"column":51}},"5":{"start":{"line":18,"column":2},"end":{"line":18,"column":25}},"6":{"start":{"line":21,"column":26},"end":{"line":23,"column":1}},"7":{"start":{"line":22,"column":2},"end":{"line":22,"column":34}},"8":{"start":{"line":21,"column":13},"end":{"line":21,"column":26}},"9":{"start":{"line":25,"column":23},"end":{"line":30,"column":1}},"10":{"start":{"line":26,"column":2},"end":{"line":29,"column":5}},"11":{"start":{"line":25,"column":13},"end":{"line":25,"column":23}},"12":{"start":{"line":32,"column":26},"end":{"line":37,"column":1}},"13":{"start":{"line":33,"column":2},"end":{"line":36,"column":5}},"14":{"start":{"line":32,"column":13},"end":{"line":32,"column":26}},"15":{"start":{"line":39,"column":26},"end":{"line":43,"column":1}},"16":{"start":{"line":40,"column":2},"end":{"line":42,"column":5}},"17":{"start":{"line":39,"column":13},"end":{"line":39,"column":26}},"18":{"start":{"line":45,"column":27},"end":{"line":47,"column":1}},"19":{"start":{"line":46,"column":2},"end":{"line":46,"column":38}},"20":{"start":{"line":45,"column":13},"end":{"line":45,"column":27}}},"fnMap":{"0":{"name":"request","decl":{"start":{"line":7,"column":15},"end":{"line":7,"column":22}},"loc":{"start":{"line":7,"column":60},"end":{"line":19,"column":1}}},"1":{"name":"(anonymous_1)","decl":{"start":{"line":21,"column":26},"end":{"line":21,"column":31}},"loc":{"start":{"line":21,"column":54},"end":{"line":23,"column":1}}},"2":{"name":"(anonymous_2)","decl":{"start":{"line":25,"column":23},"end":{"line":25,"column":28}},"loc":{"start":{"line":25,"column":71},"end":{"line":30,"column":1}}},"3":{"name":"(anonymous_3)","decl":{"start":{"line":32,"column":26},"end":{"line":32,"column":31}},"loc":{"start":{"line":32,"column":62},"end":{"line":37,"column":1}}},"4":{"name":"(anonymous_4)","decl":{"start":{"line":39,"column":26},"end":{"line":39,"column":31}},"loc":{"start":{"line":39,"column":62},"end":{"line":43,"column":1}}},"5":{"name":"(anonymous_5)","decl":{"start":{"line":45,"column":27},"end":{"line":45,"column":32}},"loc":{"start":{"line":45,"column":56},"end":{"line":47,"column":1}}}},"branchMap":{"0":{"loc":{"start":{"line":15,"column":2},"end":{"line":17,"column":3}},"type":"if","locations":[{"start":{"line":15,"column":2},"end":{"line":17,"column":3}}]}},"s":{"0":1,"1":1,"2":10,"3":10,"4":5,"5":5,"6":1,"7":2,"8":1,"9":1,"10":2,"11":1,"12":1,"13":2,"14":1,"15":1,"16":2,"17":1,"18":1,"19":2,"20":1},"f":{"0":10,"1":2,"2":2,"3":2,"4":2,"5":2},"b":{"0":[5]}}
,"/Users/mattokc/Documents/CodingInterviews/VisaFullStackApplication/src/pages/AddBook.tsx": {"path":"/Users/mattokc/Documents/CodingInterviews/VisaFullStackApplication/src/pages/AddBook.tsx","statementMap":{"0":{"start":{"line":2,"column":0},"end":{"line":2,"column":32}},"1":{"start":{"line":3,"column":0},"end":{"line":3,"column":46}},"2":{"start":{"line":5,"column":0},"end":{"line":5,"column":62}},"3":{"start":{"line":7,"column":26},"end":{"line":30,"column":1}},"4":{"start":{"line":8,"column":18},"end":{"line":8,"column":52}},"5":{"start":{"line":8,"column":38},"end":{"line":8,"column":51}},"6":{"start":{"line":9,"column":21},"end":{"line":9,"column":31}},"7":{"start":{"line":11,"column":23},"end":{"line":18,"column":3}},"8":{"start":{"line":17,"column":4},"end":{"line":17,"column":22}},"9":{"start":{"line":20,"column":2},"end":{"line":29,"column":4}},"10":{"start":{"line":32,"column":0},"end":{"line":32,"column":23}}},"fnMap":{"0":{"name":"(anonymous_0)","decl":{"start":{"line":7,"column":26},"end":{"line":7,"column":29}},"loc":{"start":{"line":7,"column":31},"end":{"line":30,"column":1}}},"1":{"name":"(anonymous_1)","decl":{"start":{"line":8,"column":27},"end":{"line":8,"column":28}},"loc":{"start":{"line":8,"column":38},"end":{"line":8,"column":51}}},"2":{"name":"(anonymous_2)","decl":{"start":{"line":11,"column":23},"end":{"line":11,"column":24}},"loc":{"start":{"line":16,"column":7},"end":{"line":18,"column":3}}}},"branchMap":{},"s":{"0":0,"1":0,"2":0,"3":0,"4":0,"5":0,"6":0,"7":0,"8":0,"9":0,"10":0},"f":{"0":0,"1":0,"2":0},"b":{}}
,"/Users/mattokc/Documents/CodingInterviews/VisaFullStackApplication/src/pages/BookList.tsx": {"path":"/Users/mattokc/Documents/CodingInterviews/VisaFullStackApplication/src/pages/BookList.tsx","statementMap":{"0":{"start":{"line":1,"column":0},"end":{"line":1,"column":51}},"1":{"start":{"line":2,"column":0},"end":{"line":2,"column":47}},"2":{"start":{"line":3,"column":0},"end":{"line":3,"column":34}},"3":{"start":{"line":4,"column":0},"end":{"line":4,"column":null}},"4":{"start":{"line":13,"column":0},"end":{"line":13,"column":32}},"5":{"start":{"line":14,"column":0},"end":{"line":14,"column":38}},"6":{"start":{"line":15,"column":0},"end":{"line":15,"column":74}},"7":{"start":{"line":17,"column":27},"end":{"line":160,"column":1}},"8":{"start":{"line":18,"column":57},"end":{"line":18,"column":67}},"9":{"start":{"line":19,"column":40},"end":{"line":19,"column":51}},"10":{"start":{"line":20,"column":42},"end":{"line":20,"column":54}},"11":{"start":{"line":21,"column":44},"end":{"line":21,"column":74}},"12":{"start":{"line":22,"column":44},"end":{"line":22,"column":58}},"13":{"start":{"line":23,"column":40},"end":{"line":23,"column":52}},"14":{"start":{"line":24,"column":30},"end":{"line":26,"column":7}},"15":{"start":{"line":27,"column":19},"end":{"line":27,"column":32}},"16":{"start":{"line":30,"column":2},"end":{"line":33,"column":9}},"17":{"start":{"line":31,"column":4},"end":{"line":31,"column":17}},"18":{"start":{"line":32,"column":4},"end":{"line":32,"column":18}},"19":{"start":{"line":36,"column":2},"end":{"line":46,"column":27}},"20":{"start":{"line":37,"column":4},"end":{"line":45,"column":6}},"21":{"start":{"line":42,"column":12},"end":{"line":43,"column":73}},"22":{"start":{"line":49,"column":2},"end":{"line":61,"column":15}},"23":{"start":{"line":50,"column":24},"end":{"line":50,"column":42}},"24":{"start":{"line":51,"column":4},"end":{"line":59,"column":5}},"25":{"start":{"line":52,"column":6},"end":{"line":52,"column":65}},"26":{"start":{"line":52,"column":33},"end":{"line":52,"column":63}},"27":{"start":{"line":53,"column":11},"end":{"line":59,"column":5}},"28":{"start":{"line":54,"column":6},"end":{"line":54,"column":65}},"29":{"start":{"line":54,"column":33},"end":{"line":54,"column":63}},"30":{"start":{"line":55,"column":11},"end":{"line":59,"column":5}},"31":{"start":{"line":56,"column":6},"end":{"line":56,"column":67}},"32":{"start":{"line":56,"column":33},"end":{"line":56,"column":65}},"33":{"start":{"line":57,"column":11},"end":{"line":59,"column":5}},"34":{"start":{"line":58,"column":6},"end":{"line":58,"column":67}},"35":{"start":{"line":58,"column":33},"end":{"line":58,"column":65}},"36":{"start":{"line":60,"column":4},"end":{"line":60,"column":34}},"37":{"start":{"line":64,"column":26},"end":{"line":64,"column":52}},"38":{"start":{"line":65,"column":27},"end":{"line":65,"column":57}},"39":{"start":{"line":66,"column":23},"end":{"line":68,"column":19}},"40":{"start":{"line":70,"column":35},"end":{"line":73,"column":3}},"41":{"start":{"line":71,"column":4},"end":{"line":71,"column":50}},"42":{"start":{"line":72,"column":4},"end":{"line":72,"column":22}},"43":{"start":{"line":75,"column":19},"end":{"line":75,"column":69}},"44":{"start":{"line":75,"column":43},"end":{"line":75,"column":69}},"45":{"start":{"line":77,"column":29},"end":{"line":80,"column":3}},"46":{"start":{"line":78,"column":4},"end":{"line":78,"column":39}},"47":{"start":{"line":79,"column":4},"end":{"line":79,"column":22}},"48":{"start":{"line":82,"column":27},"end":{"line":88,"column":3}},"49":{"start":{"line":83,"column":4},"end":{"line":87,"column":5}},"50":{"start":{"line":84,"column":6},"end":{"line":84,"column":38}},"51":{"start":{"line":86,"column":6},"end":{"line":86,"column":20}},"52":{"start":{"line":90,"column":2},"end":{"line":159,"column":4}},"53":{"start":{"line":95,"column":33},"end":{"line":95,"column":49}},"54":{"start":{"line":96,"column":33},"end":{"line":96,"column":65}},"55":{"start":{"line":106,"column":28},"end":{"line":106,"column":57}},"56":{"start":{"line":128,"column":47},"end":{"line":128,"column":70}},"57":{"start":{"line":139,"column":12},"end":{"line":139,"column":32}},"58":{"start":{"line":148,"column":12},"end":{"line":149,"column":null}},"59":{"start":{"line":151,"column":29},"end":{"line":151,"column":48}},"60":{"start":{"line":162,"column":0},"end":{"line":162,"column":24}}},"fnMap":{"0":{"name":"(anonymous_0)","decl":{"start":{"line":17,"column":27},"end":{"line":17,"column":30}},"loc":{"start":{"line":17,"column":32},"end":{"line":160,"column":1}}},"1":{"name":"(anonymous_1)","decl":{"start":{"line":30,"column":12},"end":{"line":30,"column":15}},"loc":{"start":{"line":30,"column":17},"end":{"line":33,"column":3}}},"2":{"name":"(anonymous_2)","decl":{"start":{"line":36,"column":12},"end":{"line":36,"column":15}},"loc":{"start":{"line":36,"column":17},"end":{"line":46,"column":3}}},"3":{"name":"(anonymous_3)","decl":{"start":{"line":41,"column":10},"end":{"line":41,"column":11}},"loc":{"start":{"line":42,"column":12},"end":{"line":43,"column":73}}},"4":{"name":"(anonymous_4)","decl":{"start":{"line":49,"column":12},"end":{"line":49,"column":15}},"loc":{"start":{"line":49,"column":17},"end":{"line":61,"column":3}}},"5":{"name":"(anonymous_5)","decl":{"start":{"line":52,"column":23},"end":{"line":52,"column":24}},"loc":{"start":{"line":52,"column":33},"end":{"line":52,"column":63}}},"6":{"name":"(anonymous_6)","decl":{"start":{"line":54,"column":23},"end":{"line":54,"column":24}},"loc":{"start":{"line":54,"column":33},"end":{"line":54,"column":63}}},"7":{"name":"(anonymous_7)","decl":{"start":{"line":56,"column":23},"end":{"line":56,"column":24}},"loc":{"start":{"line":56,"column":33},"end":{"line":56,"column":65}}},"8":{"name":"(anonymous_8)","decl":{"start":{"line":58,"column":23},"end":{"line":58,"column":24}},"loc":{"start":{"line":58,"column":33},"end":{"line":58,"column":65}}},"9":{"name":"(anonymous_9)","decl":{"start":{"line":70,"column":35},"end":{"line":70,"column":36}},"loc":{"start":{"line":70,"column":59},"end":{"line":73,"column":3}}},"10":{"name":"(anonymous_10)","decl":{"start":{"line":75,"column":19},"end":{"line":75,"column":20}},"loc":{"start":{"line":75,"column":43},"end":{"line":75,"column":69}}},"11":{"name":"(anonymous_11)","decl":{"start":{"line":77,"column":29},"end":{"line":77,"column":30}},"loc":{"start":{"line":77,"column":76},"end":{"line":80,"column":3}}},"12":{"name":"(anonymous_12)","decl":{"start":{"line":82,"column":27},"end":{"line":82,"column":28}},"loc":{"start":{"line":82,"column":51},"end":{"line":88,"column":3}}},"13":{"name":"(anonymous_13)","decl":{"start":{"line":95,"column":27},"end":{"line":95,"column":30}},"loc":{"start":{"line":95,"column":33},"end":{"line":95,"column":49}}},"14":{"name":"(anonymous_14)","decl":{"start":{"line":96,"column":27},"end":{"line":96,"column":30}},"loc":{"start":{"line":96,"column":33},"end":{"line":96,"column":65}}},"15":{"name":"(anonymous_15)","decl":{"start":{"line":106,"column":16},"end":{"line":106,"column":17}},"loc":{"start":{"line":106,"column":28},"end":{"line":106,"column":57}}},"16":{"name":"(anonymous_16)","decl":{"start":{"line":128,"column":35},"end":{"line":128,"column":36}},"loc":{"start":{"line":128,"column":47},"end":{"line":128,"column":70}}},"17":{"name":"(anonymous_17)","decl":{"start":{"line":138,"column":28},"end":{"line":138,"column":29}},"loc":{"start":{"line":139,"column":12},"end":{"line":139,"column":32}}},"18":{"name":"(anonymous_18)","decl":{"start":{"line":147,"column":17},"end":{"line":147,"column":18}},"loc":{"start":{"line":148,"column":12},"end":{"line":149,"column":null}}},"19":{"name":"(anonymous_19)","decl":{"start":{"line":151,"column":23},"end":{"line":151,"column":26}},"loc":{"start":{"line":151,"column":29},"end":{"line":151,"column":48}}}},"branchMap":{"0":{"loc":{"start":{"line":42,"column":12},"end":{"line":43,"column":73}},"type":"binary-expr","locations":[{"start":{"line":42,"column":12},"end":{"line":42,"column":72}},{"start":{"line":43,"column":12},"end":{"line":43,"column":73}}]},"1":{"loc":{"start":{"line":51,"column":4},"end":{"line":59,"column":5}},"type":"if","locations":[{"start":{"line":51,"column":4},"end":{"line":59,"column":5}},{"start":{"line":53,"column":11},"end":{"line":59,"column":5}}]},"2":{"loc":{"start":{"line":53,"column":11},"end":{"line":59,"column":5}},"type":"if","locations":[{"start":{"line":53,"column":11},"end":{"line":59,"column":5}},{"start":{"line":55,"column":11},"end":{"line":59,"column":5}}]},"3":{"loc":{"start":{"line":55,"column":11},"end":{"line":59,"column":5}},"type":"if","locations":[{"start":{"line":55,"column":11},"end":{"line":59,"column":5}},{"start":{"line":57,"column":11},"end":{"line":59,"column":5}}]},"4":{"loc":{"start":{"line":57,"column":11},"end":{"line":59,"column":5}},"type":"if","locations":[{"start":{"line":57,"column":11},"end":{"line":59,"column":5}}]},"5":{"loc":{"start":{"line":66,"column":23},"end":{"line":68,"column":19}},"type":"cond-expr","locations":[{"start":{"line":67,"column":6},"end":{"line":67,"column":60}},{"start":{"line":68,"column":6},"end":{"line":68,"column":19}}]},"6":{"loc":{"start":{"line":83,"column":4},"end":{"line":87,"column":5}},"type":"if","locations":[{"start":{"line":83,"column":4},"end":{"line":87,"column":5}},{"start":{"line":85,"column":11},"end":{"line":87,"column":5}}]},"7":{"loc":{"start":{"line":97,"column":13},"end":{"line":97,"column":71}},"type":"cond-expr","locations":[{"start":{"line":97,"column":29},"end":{"line":97,"column":49}},{"start":{"line":97,"column":52},"end":{"line":97,"column":71}}]},"8":{"loc":{"start":{"line":100,"column":9},"end":{"line":111,"column":null}},"type":"binary-expr","locations":[{"start":{"line":100,"column":9},"end":{"line":100,"column":22}},{"start":{"line":101,"column":10},"end":{"line":110,"column":null}}]},"9":{"loc":{"start":{"line":127,"column":14},"end":{"line":129,"column":22}},"type":"cond-expr","locations":[{"start":{"line":128,"column":18},"end":{"line":128,"column":71}},{"start":{"line":129,"column":18},"end":{"line":129,"column":22}}]},"10":{"loc":{"start":{"line":143,"column":7},"end":{"line":156,"column":null}},"type":"binary-expr","locations":[{"start":{"line":143,"column":7},"end":{"line":143,"column":20}},{"start":{"line":144,"column":8},"end":{"line":155,"column":null}}]}},"s":{"0":1,"1":1,"2":1,"3":1,"4":1,"5":1,"6":1,"7":1,"8":13,"9":13,"10":12,"11":12,"12":12,"13":12,"14":12,"15":12,"16":12,"17":4,"18":4,"19":12,"20":5,"21":10,"22":12,"23":4,"24":4,"25":0,"26":0,"27":4,"28":0,"29":0,"30":4,"31":0,"32":0,"33":4,"34":0,"35":0,"36":4,"37":12,"38":12,"39":12,"40":12,"41":0,"42":0,"43":12,"44":0,"45":12,"46":1,"47":1,"48":12,"49":0,"50":0,"51":0,"52":12,"53":1,"54":1,"55":55,"56":0,"57":23,"58":11,"59":0,"60":1},"f":{"0":13,"1":4,"2":5,"3":10,"4":4,"5":0,"6":0,"7":0,"8":0,"9":0,"10":0,"11":1,"12":0,"13":1,"14":1,"15":55,"16":0,"17":23,"18":11,"19":0},"b":{"0":[10,1],"1":[0,4],"2":[0,4],"3":[0,4],"4":[0],"5":[11,1],"6":[0,0],"7":[11,1],"8":[12,11],"9":[0,12],"10":[12,11]}}
,"/Users/mattokc/Documents/CodingInterviews/VisaFullStackApplication/src/pages/EditBook.tsx": {"path":"/Users/mattokc/Documents/CodingInterviews/VisaFullStackApplication/src/pages/EditBook.tsx","statementMap":{"0":{"start":{"line":2,"column":0},"end":{"line":2,"column":45}},"1":{"start":{"line":3,"column":0},"end":{"line":3,"column":32}},"2":{"start":{"line":5,"column":0},"end":{"line":5,"column":46}},"3":{"start":{"line":6,"column":0},"end":{"line":6,"column":62}},"4":{"start":{"line":7,"column":0},"end":{"line":7,"column":40}},"5":{"start":{"line":9,"column":27},"end":{"line":53,"column":1}},"6":{"start":{"line":10,"column":17},"end":{"line":10,"column":44}},"7":{"start":{"line":11,"column":40},"end":{"line":11,"column":50}},"8":{"start":{"line":13,"column":15},"end":{"line":13,"column":45}},"9":{"start":{"line":13,"column":33},"end":{"line":13,"column":44}},"10":{"start":{"line":15,"column":23},"end":{"line":26,"column":3}},"11":{"start":{"line":21,"column":4},"end":{"line":25,"column":5}},"12":{"start":{"line":22,"column":6},"end":{"line":22,"column":38}},"13":{"start":{"line":24,"column":6},"end":{"line":24,"column":60}},"14":{"start":{"line":28,"column":2},"end":{"line":35,"column":3}},"15":{"start":{"line":29,"column":4},"end":{"line":34,"column":6}},"16":{"start":{"line":37,"column":2},"end":{"line":52,"column":4}},"17":{"start":{"line":55,"column":0},"end":{"line":55,"column":24}}},"fnMap":{"0":{"name":"(anonymous_0)","decl":{"start":{"line":9,"column":27},"end":{"line":9,"column":30}},"loc":{"start":{"line":9,"column":32},"end":{"line":53,"column":1}}},"1":{"name":"(anonymous_1)","decl":{"start":{"line":13,"column":26},"end":{"line":13,"column":27}},"loc":{"start":{"line":13,"column":33},"end":{"line":13,"column":44}}},"2":{"name":"(anonymous_2)","decl":{"start":{"line":15,"column":23},"end":{"line":15,"column":24}},"loc":{"start":{"line":20,"column":7},"end":{"line":26,"column":3}}}},"branchMap":{"0":{"loc":{"start":{"line":21,"column":4},"end":{"line":25,"column":5}},"type":"if","locations":[{"start":{"line":21,"column":4},"end":{"line":25,"column":5}},{"start":{"line":23,"column":11},"end":{"line":25,"column":5}}]},"1":{"loc":{"start":{"line":28,"column":2},"end":{"line":35,"column":3}},"type":"if","locations":[{"start":{"line":28,"column":2},"end":{"line":35,"column":3}}]}},"s":{"0":0,"1":0,"2":0,"3":0,"4":0,"5":0,"6":0,"7":0,"8":0,"9":0,"10":0,"11":0,"12":0,"13":0,"14":0,"15":0,"16":0,"17":0},"f":{"0":0,"1":0,"2":0},"b":{"0":[0,0],"1":[0]}}
,"/Users/mattokc/Documents/CodingInterviews/VisaFullStackApplication/src/pages/NotFound.tsx": {"path":"/Users/mattokc/Documents/CodingInterviews/VisaFullStackApplication/src/pages/NotFound.tsx","statementMap":{"0":{"start":{"line":2,"column":0},"end":{"line":2,"column":40}},"1":{"start":{"line":4,"column":27},"end":{"line":11,"column":1}},"2":{"start":{"line":5,"column":2},"end":{"line":10,"column":4}},"3":{"start":{"line":13,"column":0},"end":{"line":13,"column":24}}},"fnMap":{"0":{"name":"(anonymous_0)","decl":{"start":{"line":4,"column":27},"end":{"line":4,"column":30}},"loc":{"start":{"line":4,"column":32},"end":{"line":11,"column":1}}}},"branchMap":{},"s":{"0":0,"1":0,"2":0,"3":0},"f":{"0":0},"b":{}}
}
