TN:
SF:server/data.js
FNF:0
FNH:0
DA:2,1
DA:21,1
DA:199,1
LF:3
LH:3
BRF:0
BRH:0
end_of_record
TN:
SF:server/server.js
FN:16,(anonymous_0)
FN:18,(anonymous_1)
FN:24,(anonymous_2)
FN:28,(anonymous_3)
FN:43,(anonymous_4)
FN:45,(anonymous_5)
FN:50,(anonymous_6)
FN:54,(anonymous_7)
FNF:8
FNH:8
FNDA:2,(anonymous_0)
FNDA:1,(anonymous_1)
FNDA:1,(anonymous_2)
FNDA:21,(anonymous_3)
FNDA:1,(anonymous_4)
FNDA:21,(anonymous_5)
FNDA:1,(anonymous_6)
FNDA:1,(anonymous_7)
DA:1,1
DA:2,1
DA:3,1
DA:4,1
DA:5,1
DA:7,1
DA:10,1
DA:12,1
DA:13,1
DA:16,2
DA:18,1
DA:19,1
DA:20,1
DA:21,1
DA:24,1
DA:25,1
DA:26,1
DA:28,21
DA:30,1
DA:32,1
DA:35,1
DA:37,1
DA:39,0
DA:43,1
DA:44,1
DA:45,21
DA:46,1
DA:50,1
DA:51,1
DA:54,1
DA:56,1
LF:31
LH:30
BRDA:30,0,0,1
BRDA:30,0,1,0
BRF:2
BRH:1
end_of_record
TN:
SF:src/App.tsx
FN:9,(anonymous_0)
FN:13,(anonymous_1)
FNF:2
FNH:0
FNDA:0,(anonymous_0)
FNDA:0,(anonymous_1)
DA:1,0
DA:2,0
DA:3,0
DA:4,0
DA:5,0
DA:6,0
DA:7,0
DA:9,0
DA:10,0
DA:13,0
DA:14,0
DA:15,0
DA:18,0
DA:30,0
LF:14
LH:0
BRF:0
BRH:0
end_of_record
TN:
SF:src/main.tsx
FNF:0
FNH:0
DA:1,0
DA:2,0
DA:3,0
DA:4,0
DA:6,0
LF:5
LH:0
BRF:0
BRH:0
end_of_record
TN:
SF:src/store.ts
FN:21,(anonymous_0)
FN:24,(anonymous_1)
FN:32,(anonymous_2)
FN:35,(anonymous_3)
FN:40,(anonymous_4)
FN:43,(anonymous_5)
FN:44,(anonymous_6)
FN:50,(anonymous_7)
FN:53,(anonymous_8)
FN:54,(anonymous_9)
FN:60,(anonymous_10)
FNF:11
FNH:0
FNDA:0,(anonymous_0)
FNDA:0,(anonymous_1)
FNDA:0,(anonymous_2)
FNDA:0,(anonymous_3)
FNDA:0,(anonymous_4)
FNDA:0,(anonymous_5)
FNDA:0,(anonymous_6)
FNDA:0,(anonymous_7)
FNDA:0,(anonymous_8)
FNDA:0,(anonymous_9)
FNDA:0,(anonymous_10)
DA:1,0
DA:2,0
DA:21,0
DA:25,0
DA:26,0
DA:27,0
DA:29,0
DA:33,0
DA:34,0
DA:35,0
DA:37,0
DA:41,0
DA:42,0
DA:43,0
DA:44,0
DA:47,0
DA:51,0
DA:52,0
DA:53,0
DA:54,0
DA:57,0
DA:61,0
DA:62,0
DA:63,0
DA:65,0
DA:70,0
LF:26
LH:0
BRDA:44,0,0,0
BRDA:44,0,1,0
BRF:2
BRH:0
end_of_record
TN:
SF:src/components/Book.tsx
FN:17,(anonymous_0)
FN:21,(anonymous_1)
FN:25,(anonymous_2)
FN:30,(anonymous_3)
FN:56,(anonymous_4)
FN:64,(anonymous_5)
FNF:6
FNH:6
FNDA:33,(anonymous_0)
FNDA:3,(anonymous_1)
FNDA:1,(anonymous_2)
FNDA:1,(anonymous_3)
FNDA:60,(anonymous_4)
FNDA:1,(anonymous_5)
DA:1,2
DA:2,2
DA:4,2
DA:5,2
DA:17,2
DA:18,33
DA:19,33
DA:21,33
DA:22,3
DA:25,33
DA:26,1
DA:27,1
DA:30,33
DA:31,1
DA:34,33
DA:57,60
DA:64,1
DA:73,2
LF:18
LH:18
BRDA:36,0,0,3
BRDA:36,0,1,30
BRDA:59,1,0,30
BRDA:59,1,1,30
BRF:4
BRH:4
end_of_record
TN:
SF:src/components/BookForm.tsx
FN:29,(anonymous_0)
FN:55,(anonymous_1)
FN:62,(anonymous_2)
FN:116,(anonymous_3)
FN:129,(anonymous_4)
FN:140,(anonymous_5)
FN:151,(anonymous_6)
FN:161,(anonymous_7)
FNF:8
FNH:3
FNDA:2,(anonymous_0)
FNDA:2,(anonymous_1)
FNDA:0,(anonymous_2)
FNDA:0,(anonymous_3)
FNDA:0,(anonymous_4)
FNDA:0,(anonymous_5)
FNDA:0,(anonymous_6)
FNDA:4,(anonymous_7)
DA:1,1
DA:2,1
DA:3,1
DA:4,1
DA:29,1
DA:40,2
DA:41,2
DA:42,2
DA:43,2
DA:48,2
DA:49,2
DA:50,2
DA:51,2
DA:53,2
DA:55,2
DA:56,2
DA:57,2
DA:58,2
DA:59,2
DA:62,2
DA:63,0
DA:66,0
DA:67,0
DA:68,0
DA:70,0
DA:74,0
DA:75,0
DA:76,0
DA:78,0
DA:82,0
DA:83,0
DA:84,0
DA:85,0
DA:87,0
DA:91,0
DA:92,0
DA:93,0
DA:95,0
DA:99,0
DA:107,0
DA:108,0
DA:109,0
DA:110,0
DA:113,0
DA:116,2
DA:117,0
DA:120,2
DA:129,0
DA:140,0
DA:151,0
DA:161,4
DA:174,1
LF:52
LH:24
BRDA:30,0,0,1
BRDA:66,1,0,0
BRDA:66,1,1,0
BRDA:74,2,0,0
BRDA:74,2,1,0
BRDA:83,3,0,0
BRDA:83,3,1,0
BRDA:83,4,0,0
BRDA:83,4,1,0
BRDA:91,5,0,0
BRDA:91,5,1,0
BRDA:132,6,0,2
BRDA:132,6,1,0
BRDA:143,7,0,2
BRDA:143,7,1,0
BRDA:154,8,0,2
BRDA:154,8,1,0
BRDA:166,9,0,2
BRDA:166,9,1,0
BRF:19
BRH:5
end_of_record
TN:
SF:src/components/DeletePopUp.tsx
FN:16,(anonymous_0)
FNF:1
FNH:1
FNDA:6,(anonymous_0)
DA:2,3
DA:16,3
DA:22,6
DA:36,3
LF:4
LH:4
BRF:0
BRH:0
end_of_record
TN:
SF:src/components/styled/styledComponents.tsx
FN:124,(anonymous_0)
FN:137,(anonymous_1)
FN:144,(anonymous_2)
FN:145,(anonymous_3)
FNF:4
FNH:4
FNDA:6,(anonymous_0)
FNDA:11,(anonymous_1)
FNDA:11,(anonymous_2)
FNDA:11,(anonymous_3)
DA:1,4
DA:3,4
DA:25,4
DA:30,4
DA:46,4
DA:54,4
DA:62,4
DA:71,4
DA:86,4
DA:115,4
DA:119,4
DA:123,4
DA:124,6
DA:136,4
DA:137,11
DA:144,11
DA:145,11
DA:148,4
DA:159,4
LF:19
LH:19
BRDA:124,0,0,6
BRDA:124,0,1,0
BRDA:137,1,0,11
BRDA:137,1,1,0
BRDA:144,2,0,11
BRDA:144,2,1,0
BRDA:145,3,0,11
BRDA:145,3,1,0
BRF:8
BRH:4
end_of_record
TN:
SF:src/constants/constants.ts
FNF:0
FNH:0
DA:1,1
DA:11,1
LF:2
LH:2
BRF:0
BRH:0
end_of_record
TN:
SF:src/network/networkRequests.ts
FN:7,request
FN:21,(anonymous_1)
FN:25,(anonymous_2)
FN:32,(anonymous_3)
FN:39,(anonymous_4)
FN:45,(anonymous_5)
FNF:6
FNH:6
FNDA:10,request
FNDA:2,(anonymous_1)
FNDA:2,(anonymous_2)
FNDA:2,(anonymous_3)
FNDA:2,(anonymous_4)
FNDA:2,(anonymous_5)
DA:4,1
DA:5,1
DA:8,10
DA:15,10
DA:16,5
DA:18,5
DA:21,1
DA:22,2
DA:25,1
DA:26,2
DA:32,1
DA:33,2
DA:39,1
DA:40,2
DA:45,1
DA:46,2
LF:16
LH:16
BRDA:15,0,0,5
BRF:1
BRH:1
end_of_record
TN:
SF:src/pages/AddBook.tsx
FN:7,(anonymous_0)
FN:8,(anonymous_1)
FN:11,(anonymous_2)
FNF:3
FNH:0
FNDA:0,(anonymous_0)
FNDA:0,(anonymous_1)
FNDA:0,(anonymous_2)
DA:2,0
DA:3,0
DA:5,0
DA:7,0
DA:8,0
DA:9,0
DA:11,0
DA:17,0
DA:20,0
DA:32,0
LF:10
LH:0
BRF:0
BRH:0
end_of_record
TN:
SF:src/pages/BookList.tsx
FN:17,(anonymous_0)
FN:30,(anonymous_1)
FN:36,(anonymous_2)
FN:41,(anonymous_3)
FN:49,(anonymous_4)
FN:52,(anonymous_5)
FN:54,(anonymous_6)
FN:56,(anonymous_7)
FN:58,(anonymous_8)
FN:70,(anonymous_9)
FN:75,(anonymous_10)
FN:77,(anonymous_11)
FN:82,(anonymous_12)
FN:95,(anonymous_13)
FN:96,(anonymous_14)
FN:106,(anonymous_15)
FN:128,(anonymous_16)
FN:138,(anonymous_17)
FN:147,(anonymous_18)
FN:151,(anonymous_19)
FNF:20
FNH:11
FNDA:13,(anonymous_0)
FNDA:4,(anonymous_1)
FNDA:5,(anonymous_2)
FNDA:10,(anonymous_3)
FNDA:4,(anonymous_4)
FNDA:0,(anonymous_5)
FNDA:0,(anonymous_6)
FNDA:0,(anonymous_7)
FNDA:0,(anonymous_8)
FNDA:0,(anonymous_9)
FNDA:0,(anonymous_10)
FNDA:1,(anonymous_11)
FNDA:0,(anonymous_12)
FNDA:1,(anonymous_13)
FNDA:1,(anonymous_14)
FNDA:55,(anonymous_15)
FNDA:0,(anonymous_16)
FNDA:23,(anonymous_17)
FNDA:11,(anonymous_18)
FNDA:0,(anonymous_19)
DA:1,1
DA:2,1
DA:3,1
DA:4,1
DA:13,1
DA:14,1
DA:15,1
DA:17,1
DA:18,13
DA:19,13
DA:20,12
DA:21,12
DA:22,12
DA:23,12
DA:24,12
DA:27,12
DA:30,12
DA:31,4
DA:32,4
DA:36,12
DA:37,5
DA:42,10
DA:49,12
DA:50,4
DA:51,4
DA:52,0
DA:53,4
DA:54,0
DA:55,4
DA:56,0
DA:57,4
DA:58,0
DA:60,4
DA:64,12
DA:65,12
DA:66,12
DA:70,12
DA:71,0
DA:72,0
DA:75,12
DA:77,12
DA:78,1
DA:79,1
DA:82,12
DA:83,0
DA:84,0
DA:86,0
DA:90,12
DA:95,1
DA:96,1
DA:106,55
DA:128,0
DA:139,23
DA:148,11
DA:151,0
DA:162,1
LF:56
LH:45
BRDA:42,0,0,10
BRDA:42,0,1,1
BRDA:51,1,0,0
BRDA:51,1,1,4
BRDA:53,2,0,0
BRDA:53,2,1,4
BRDA:55,3,0,0
BRDA:55,3,1,4
BRDA:57,4,0,0
BRDA:66,5,0,11
BRDA:66,5,1,1
BRDA:83,6,0,0
BRDA:83,6,1,0
BRDA:97,7,0,11
BRDA:97,7,1,1
BRDA:100,8,0,12
BRDA:100,8,1,11
BRDA:127,9,0,0
BRDA:127,9,1,12
BRDA:143,10,0,12
BRDA:143,10,1,11
BRF:21
BRH:14
end_of_record
TN:
SF:src/pages/EditBook.tsx
FN:9,(anonymous_0)
FN:13,(anonymous_1)
FN:15,(anonymous_2)
FNF:3
FNH:0
FNDA:0,(anonymous_0)
FNDA:0,(anonymous_1)
FNDA:0,(anonymous_2)
DA:2,0
DA:3,0
DA:5,0
DA:6,0
DA:7,0
DA:9,0
DA:10,0
DA:11,0
DA:13,0
DA:15,0
DA:21,0
DA:22,0
DA:24,0
DA:28,0
DA:29,0
DA:37,0
DA:55,0
LF:17
LH:0
BRDA:21,0,0,0
BRDA:21,0,1,0
BRDA:28,1,0,0
BRF:3
BRH:0
end_of_record
TN:
SF:src/pages/NotFound.tsx
FN:4,(anonymous_0)
FNF:1
FNH:0
FNDA:0,(anonymous_0)
DA:2,0
DA:4,0
DA:5,0
DA:13,0
LF:4
LH:0
BRF:0
BRH:0
end_of_record
